Wait time not specified; using 300
Goal state not specified; using 'running'
....
Waited 4 seconds for InterSystems IRIS to reach state 'running'
Wait time not specified; using 300
Goal state not specified; using 'running'
..
Waited 1 seconds for InterSystems IRIS to reach state 'running'
Wait time not specified; using 300
Goal state not specified; using 'running'
..
Waited 2 seconds for InterSystems IRIS to reach state 'running'
Wait time not specified; using 300
Goal state not specified; using 'running'
..
Waited 1 seconds for InterSystems IRIS to reach state 'running'
Wait time not specified; using 300
Goal state not specified; using 'running'
..
Waited 1 seconds for InterSystems IRIS to reach state 'running'
Wait time not specified; using 300
Goal state not specified; using 'running'
..
Waited 1 seconds for InterSystems IRIS to reach state 'running'
Wait time not specified; using 300
Goal state not specified; using 'running'
..
Waited 1 seconds for InterSystems IRIS to reach state 'running'
Wait time not specified; using 300
Goal state not specified; using 'running'
..
Waited 1 seconds for InterSystems IRIS to reach state 'running'
Wait time not specified; using 300
Goal state not specified; using 'running'
..
Waited 1 seconds for InterSystems IRIS to reach state 'running'
Wait time not specified; using 300
Goal state not specified; using 'running'
..
Waited 1 seconds for InterSystems IRIS to reach state 'running'
Wait time not specified; using 300
Goal state not specified; using 'running'
..
Waited 1 seconds for InterSystems IRIS to reach state 'running'
Wait time not specified; using 300
Goal state not specified; using 'running'
..
Waited 2 seconds for InterSystems IRIS to reach state 'running'
Wait time not specified; using 300
Goal state not specified; using 'running'
..
Waited 1 seconds for InterSystems IRIS to reach state 'running'
Wait time not specified; using 300
Goal state not specified; using 'running'
..
Waited 1 seconds for InterSystems IRIS to reach state 'running'
Wait time not specified; using 300
Goal state not specified; using 'running'
..
Waited 1 seconds for InterSystems IRIS to reach state 'running'
Wait time not specified; using 300
Goal state not specified; using 'running'
..
Waited 2 seconds for InterSystems IRIS to reach state 'running'
Wait time not specified; using 300
Goal state not specified; using 'running'
..
Waited 1 seconds for InterSystems IRIS to reach state 'running'
Wait time not specified; using 300
Goal state not specified; using 'running'
..
Waited 1 seconds for InterSystems IRIS to reach state 'running'
Wait time not specified; using 300
Goal state not specified; using 'running'
..
Waited 1 seconds for InterSystems IRIS to reach state 'running'
Wait time not specified; using 300
Goal state not specified; using 'running'
...
Waited 2 seconds for InterSystems IRIS to reach state 'running'
Wait time not specified; using 300
Goal state not specified; using 'running'
..
Waited 1 seconds for InterSystems IRIS to reach state 'running'
Wait time not specified; using 300
Goal state not specified; using 'running'
..
Waited 1 seconds for InterSystems IRIS to reach state 'running'
Wait time not specified; using 300
Goal state not specified; using 'running'
..
Waited 1 seconds for InterSystems IRIS to reach state 'running'
Wait time not specified; using 300
Goal state not specified; using 'running'
..
Waited 1 seconds for InterSystems IRIS to reach state 'running'
Wait time not specified; using 300
Goal state not specified; using 'running'
..
Waited 1 seconds for InterSystems IRIS to reach state 'running'
Wait time not specified; using 300
Goal state not specified; using 'running'
....
Waited 3 seconds for InterSystems IRIS to reach state 'running'
Wait time not specified; using 300
Goal state not specified; using 'running'
..
Waited 1 seconds for InterSystems IRIS to reach state 'running'
Wait time not specified; using 300
Goal state not specified; using 'running'
..
Waited 1 seconds for InterSystems IRIS to reach state 'running'
Wait time not specified; using 300
Goal state not specified; using 'running'
..
Waited 1 seconds for InterSystems IRIS to reach state 'running'
Wait time not specified; using 300
Goal state not specified; using 'running'
..
Waited 2 seconds for InterSystems IRIS to reach state 'running'
Wait time not specified; using 300
Goal state not specified; using 'running'
..
Waited 1 seconds for InterSystems IRIS to reach state 'running'
Wait time not specified; using 300
Goal state not specified; using 'running'
..
Waited 1 seconds for InterSystems IRIS to reach state 'running'
Wait time not specified; using 300
Goal state not specified; using 'running'
..
Waited 1 seconds for InterSystems IRIS to reach state 'running'
Wait time not specified; using 300
Goal state not specified; using 'running'
..
Waited 1 seconds for InterSystems IRIS to reach state 'running'
Wait time not specified; using 300
Goal state not specified; using 'running'
..
Waited 1 seconds for InterSystems IRIS to reach state 'running'
Wait time not specified; using 300
Goal state not specified; using 'running'
..
Waited 1 seconds for InterSystems IRIS to reach state 'running'
Wait time not specified; using 300
Goal state not specified; using 'running'
..
Waited 1 seconds for InterSystems IRIS to reach state 'running'
Wait time not specified; using 300
Goal state not specified; using 'running'
..
Waited 1 seconds for InterSystems IRIS to reach state 'running'
Wait time not specified; using 300
Goal state not specified; using 'running'
..
Waited 1 seconds for InterSystems IRIS to reach state 'running'
Wait time not specified; using 300
Goal state not specified; using 'running'
..
Waited 1 seconds for InterSystems IRIS to reach state 'running'
Wait time not specified; using 300
Goal state not specified; using 'running'
..
Waited 1 seconds for InterSystems IRIS to reach state 'running'
Wait time not specified; using 300
Goal state not specified; using 'running'
..
Waited 1 seconds for InterSystems IRIS to reach state 'running'
Wait time not specified; using 300
Goal state not specified; using 'running'
..
Waited 1 seconds for InterSystems IRIS to reach state 'running'
Wait time not specified; using 300
Goal state not specified; using 'running'
..
Waited 1 seconds for InterSystems IRIS to reach state 'running'
Wait time not specified; using 300
Goal state not specified; using 'running'
..
Waited 1 seconds for InterSystems IRIS to reach state 'running'
Wait time not specified; using 300
Goal state not specified; using 'running'
..
Waited 1 seconds for InterSystems IRIS to reach state 'running'
Wait time not specified; using 300
Goal state not specified; using 'running'
..
Waited 1 seconds for InterSystems IRIS to reach state 'running'
Wait time not specified; using 300
Goal state not specified; using 'running'
..
Waited 1 seconds for InterSystems IRIS to reach state 'running'
Wait time not specified; using 300
Goal state not specified; using 'running'
..
Waited 2 seconds for InterSystems IRIS to reach state 'running'
Wait time not specified; using 300
Goal state not specified; using 'running'
..
Waited 1 seconds for InterSystems IRIS to reach state 'running'
Wait time not specified; using 300
Goal state not specified; using 'running'
..
Waited 1 seconds for InterSystems IRIS to reach state 'running'
Wait time not specified; using 300
Goal state not specified; using 'running'
..
Waited 1 seconds for InterSystems IRIS to reach state 'running'
Wait time not specified; using 300
Goal state not specified; using 'running'
..
Waited 1 seconds for InterSystems IRIS to reach state 'running'
Wait time not specified; using 300
Goal state not specified; using 'running'
..
Waited 1 seconds for InterSystems IRIS to reach state 'running'
Wait time not specified; using 300
Goal state not specified; using 'running'
......
Waited 6 seconds for InterSystems IRIS to reach state 'running'
Wait time not specified; using 300
Goal state not specified; using 'running'
........
Waited 7 seconds for InterSystems IRIS to reach state 'running'
Wait time not specified; using 300
Goal state not specified; using 'running'
.......
Waited 6 seconds for InterSystems IRIS to reach state 'running'
