{
"FT.CPUarch":"AArch64",
"FT.CPUcores":56,
"FT.CPUflags":"fp asimd evtstrm aes pmull sha1 sha2 crc32 atomics fphp asimdhp cpuid asimdrdm jscvt fcma lrcpc dcpop sha3 asimddp sha512 asimdfhm dit uscat ilrcpc flagm ssbs sb paca pacg dcpodp flagm2 frint",
"FT.CPUmodel":"ARMv8",
"FT.CPUthreads":224,
"FT.CPUvendor":"ARM",
"FT.Cloud.Info":"not available",
"FT.ConfiguredEncDBs":5,
"FT.DeepSeeAnalyze":1,
"FT.DeepSeeModel":1,
"FT.DeepSeeRun":1,
"FT.Ensemble":1,
"FT.HSFoundation":1,
"FT.HealthShare":1,
"FT.Hostname":"PROD-1",
"FT.IRISInsidePython":0,
"FT.InsideCgroup":0,
"FT.InstanceGUID":"95D9CE69-90BA-11EF-8646-0242AC110006",
"FT.InstanceName":"IRIS",
"FT.LicensedCores":10,
"FT.LocalTimestamp":"67135,83740",
"FT.Locale":"enuw",
"FT.MEMbuf16kB":0,
"FT.MEMbuf32kB":0,
"FT.MEMbuf64kB":0,
"FT.MEMbuf8kB":1048576,
"FT.MEMtotalkB":32815572,
"FT.MirrorMemberType":"Not Member",
"FT.MountedEncDBs":5,
"FT.OSType":"Unix",
"FT.OSversion":"Ubuntu 24.04.1 LTS",
"FT.OrderID":54321,
"FT.PythonInsideIRIS":0,
"FT.PythonRuntimeLibrary":"/lib/aarch64-linux-gnu/libpython3.11.so",
"FT.ReportRoleCount":0,
"FT.ReportServerCount":0,
"FT.ReportUserCount":0,
"FT.TotalPhysicalCores":10,
"FT.UTCBeginTime":"67135,76416.461152385",
"FT.UTCTimestamp":"67135,76540.934163012",
"FT.Unicode":"Unicode",
"FT.ZVERSION":"IRIS for UNIX (Ubuntu Server LTS for ARM64 Containers) 2024.2 (Build 247U) Tue Jul 16 2024 09:31:25 EDT",
"FT.iKnow":1,
"FT.platform":"dockerubuntuarm64"
}
