10/14/24-15:57:41:927 (14091) 0 [Generic.Event] Allocated 502MB shared memory
10/14/24-15:57:41:927 (14091) 0 [Generic.Event] 32MB global buffers, 80MB routine buffers, 64MB journal buffers, 5MB buffer descriptors, 300MB heap, 5MB ECP, 15MB miscellaneous
10/14/24-15:57:41:928 (14091) 0 [SIMD] SIMD optimization level: DEFAULT
10/14/24-15:57:41:936 (14091) 0 [WriteDaemon.UsingWIJFile] Using WIJ file: /usr/irissys/mgr/IRIS.WIJ
10/14/24-15:57:41:937 (14091) 0 [Generic.Event] No journaling info from prior system
10/14/24-15:57:41:937 (14091) 0 [WriteDaemon.CreatingNewWIJ] Creating a new WIJ file
10/14/24-15:57:41:956 (14091) 0 [WriteDaemon.CreatedNewWIJ] New WIJ file created
10/14/24-15:57:41:959 (14091) 0 [Generic.Event] 
Startup of InterSystems IRIS [IRIS for UNIX (Ubuntu Server LTS for ARM64 Containers) 2024.2 (Build 247U) Tue Jul 16 2024 09:31:25 EDT]
	in ../bin/
	with mgr: /usr/irissys/mgr
	with wij: /usr/irissys/mgr/IRIS.WIJ
	from: /usr/irissys/mgr/
  OS=[Linux], version=[#1 SMP Fri Oct 7 11:33:30 EDT 2022], release=[4.18.0-372.32.1.el8_6.aarch64], machine=[aarch64]
  nodename=[81c83bbebc63].
  numasyncwijbuf: 2, wdwrite_asyncio_max: 64, wijdirectio: on, synctype: 3
  System Initialized.
10/14/24-15:57:41:968 (14124) 0 [WriteDaemon.Started] Write daemon started.
10/14/24-15:57:41:984 (14141) 0 [Database.MountedRW] Mounted database /usr/irissys/mgr/ (SFN 0) read-write.
10/14/24-15:57:42:009 (14148) 0 [Utility.Event] Starting ^INSTALL procedure
10/14/24-15:57:42:010 (14134) 0 [Database.StartExpansion] Starting Expansion for database /usr/irissys/mgr/. 29 MB requested.
10/14/24-15:57:42:018 (14134) 0 [Database.FullExpansion] Expansion completed for database /usr/irissys/mgr/. Expanded by 29 MB.
10/14/24-15:57:42:162 (14148) 0 [Utility.Event] Switching to temporary %SYS Namespace
10/14/24-15:57:42:163 (14148) 0 [Database.MountedRO] Mounted database /usr/irissys/mgr/irislib/ (SFN 1) read-only. Database label is marked read-only. 
10/14/24-15:57:42:750 (14148) 0 [Utility.Event] Creating missing IRISTEMP database in /usr/irissys/mgr/iristemp
10/14/24-15:57:42:753 (14148) 0 [Database.MountedRW] Mounted database /usr/irissys/mgr/iristemp/ (SFN 2) read-write.
10/14/24-15:57:42:755 (14148) 0 [Utility.Event] Creating IRISLOCALDATA database in /usr/irissys/mgr/irislocaldata/
10/14/24-15:57:42:759 (14148) 0 [Database.MountedRW] Mounted database /usr/irissys/mgr/irislocaldata/ (SFN 3) read-write.
10/14/24-15:57:42:768 (14148) 0 [Utility.Event] Switching to default %SYS Namespace
10/14/24-15:57:42:769 (14148) 0 [Utility.Event] Loading DLLs
10/14/24-15:57:43:572 (14148) 0 [Utility.Event] Loading Locale enuw (English, United States, Unicode) from objects
10/14/24-15:57:46:090 (14148) 0 [Database.MountedRW] Mounted database /usr/irissys/mgr/irisaudit/ (SFN 4) read-write.
10/14/24-15:57:46:189 (14148) 0 [Database.MountedRW] Mounted database /usr/irissys/mgr/user/ (SFN 5) read-write.
10/14/24-15:57:48:395 (14148) 0 [Utility.Event] Finishing ^INSTALL procedure
10/14/24-15:57:48:411 (14149) 0 [Utility.Event] User 'irisowner' shutting down InterSystems IRIS
10/14/24-15:57:48:455 (14149) 0 [Utility.Event] Notifying Clients
10/14/24-15:57:48:455 (14149) 0 [Utility.Event] No user shutdown routines to execute
10/14/24-15:57:48:455 (14149) 0 [Utility.Event] Stopping User Jobs
10/14/24-15:57:48:456 (14149) 0 [Utility.Event] Stopping Network Servers
10/14/24-15:57:48:457 (14149) 0 [Utility.Event] Withdrawing from License Domain
10/14/24-15:57:48:457 (14149) 0 [Utility.Event] Stopping Client Networking
10/14/24-15:57:48:457 (14149) 0 [Utility.Event] Updating Journal File
10/14/24-15:57:48:458 (14149) 0 [Utility.Event] Journal restore not required at next startup
10/14/24-15:57:48:458 (14149) 0 [Utility.Event] Transaction rollback not required at next startup
10/14/24-15:57:48:558 (14149) 0 [Utility.Event] Removing database locks
10/14/24-15:57:48:560 (14149) 0 [Utility.Event] Waiting for database updates to complete
10/14/24-15:57:48:560 (14149) 0 [Utility.Event] Database updates complete
10/14/24-15:57:48:560 (14149) 0 [Utility.Event] Stopping System Jobs
10/14/24-15:57:48:661 (14134) 0 [Generic.Event] EXPDMN exited due to system shutdown
10/14/24-15:57:48:661 (14126) 0 [Generic.Event] JRNDMN exited due to system shutdown
10/14/24-15:57:48:661 (14125) 0 [Generic.Event] GARCOL exited due to system shutdown
10/14/24-15:57:48:661 (14127) 0 [Generic.Event] AUXWD #1 exited due to system shutdown
10/14/24-15:57:48:661 (14128) 0 [Generic.Event] AUXWD #2 exited due to system shutdown
10/14/24-15:57:48:661 (14129) 0 [Generic.Event] AUXWD #3 exited due to system shutdown
10/14/24-15:57:48:661 (14130) 0 [Generic.Event] AUXWD #4 exited due to system shutdown
10/14/24-15:57:48:661 (14131) 0 [Generic.Event] AUXWD #5 exited due to system shutdown
10/14/24-15:57:48:661 (14132) 0 [Generic.Event] AUXWD #6 exited due to system shutdown
10/14/24-15:57:48:661 (14133) 0 [Generic.Event] AUXWD #7 exited due to system shutdown
10/14/24-15:57:48:662 (14124) 0 [Generic.Event] No blocks pending in WIJ file
10/14/24-15:57:48:662 (14124) 0 [Generic.Event] WRTDMN exited due to system shutdown
10/14/24-15:57:48:672 (14091) 0 [Generic.Event] CONTROL exited due to system shutdown
10/14/24-15:57:48:682 (14149) 0 [Utility.Event] Shutdown complete



*** Recovery started at Mon Oct 14 15:57:53 2024
     Current default directory: /usr/irissys/mgr
     Log file directory: /usr/irissys/mgr/
     WIJ file spec: /usr/irissys/mgr/IRIS.WIJ
Recovering local (/usr/irissys/mgr/IRIS.WIJ) image journal file...
Starting WIJ recovery for '/usr/irissys/mgr/IRIS.WIJ'.
  0 blocks pending in this WIJ.
Exiting with status 3 (Success)
10/14/24-15:57:53:939 (14560) 0 [Generic.Event] Global buffer setting requires attention.  Auto-selected 25% of total memory.
10/14/24-15:57:53:993 (14560) 0 [Generic.Event] Allocated 36808MB shared memory
10/14/24-15:57:53:994 (14560) 0 [Generic.Event] 32530MB global buffers, 1020MB routine buffers, 64MB journal buffers, 2197MB buffer descriptors, 976MB heap, 5MB ECP, 15MB miscellaneous
10/14/24-15:57:53:995 (14560) 0 [SIMD] SIMD optimization level: DEFAULT
10/14/24-15:57:54:169 (14560) 0 [WriteDaemon.UsingWIJFile] Using WIJ file: /usr/irissys/mgr/IRIS.WIJ
10/14/24-15:57:54:169 (14560) 0 [Generic.Event] No journaling info from prior system
10/14/24-15:57:54:169 (14560) 0 [WriteDaemon.CreatingNewWIJ] Creating a new WIJ file
10/14/24-15:57:54:228 (14560) 0 [WriteDaemon.CreatedNewWIJ] New WIJ file created
10/14/24-15:57:54:231 (14560) 0 [Generic.Event] 
Startup of InterSystems IRIS [IRIS for UNIX (Ubuntu Server LTS for ARM64 Containers) 2024.2 (Build 247U) Tue Jul 16 2024 09:31:25 EDT]
	in /usr/irissys/bin/
	with mgr: /usr/irissys/mgr
	with wij: /usr/irissys/mgr/IRIS.WIJ
	from: /usr/irissys/mgr/
  OS=[Linux], version=[#1 SMP Fri Oct 7 11:33:30 EDT 2022], release=[4.18.0-372.32.1.el8_6.aarch64], machine=[aarch64]
  nodename=[81c83bbebc63].
  numasyncwijbuf: 2, wdwrite_asyncio_max: 64, wijdirectio: on, synctype: 3
  System Initialized.
10/14/24-15:57:54:236 (14612) 0 [Database.MountedRW] Mounted database /usr/irissys/mgr/ (SFN 0) read-write.
10/14/24-15:57:54:239 (14612) 0 [Utility.Event] Instance 'IRIS' starting on node 81c83bbebc63 by user 'irisowner' on 10/14/2024 15:57:54.239 UTC
10/14/24-15:57:54:239 (14612) 0 [Utility.Event] Using parameters from file '/usr/irissys/iris.cpf'
10/14/24-15:57:54:240 (14612) 0 [Utility.Event] Loading DLLs
10/14/24-15:57:54:240 (14601) 0 [WriteDaemon.Started] Write daemon started.
10/14/24-15:57:54:240 (14612) 0 [Database.MountedRO] Mounted database /usr/irissys/mgr/irislib/ (SFN 1) read-only. Database label is marked read-only. 
10/14/24-15:57:54:241 (14612) 0 [Utility.Event] Switching to temporary %SYS Namespace
10/14/24-15:57:54:243 (14612) 0 [Utility.Event] Loading Locale enuw (English, United States, Unicode) from objects
10/14/24-15:57:54:260 (14612) 0 [Database.MountedRW] Mounted database /usr/irissys/mgr/irislocaldata/ (SFN 2) read-write.
10/14/24-15:57:54:260 (14612) 0 [Utility.Event] Using OpenSSL 3.0.13 30 Jan 2024
10/14/24-15:57:54:263 (14612) 0 [Database.MountedRW] Mounted database /usr/irissys/mgr/iristemp/ (SFN 3) read-write.
10/14/24-15:57:54:265 (14612) 0 [Utility.Event] /usr/irissys/mgr/iristemp/ initialized as IRISTEMP
10/14/24-15:57:54:266 (14612) 0 [Utility.Event] Switching to default %SYS Namespace
10/14/24-15:57:54:266 (14612) 0 [Utility.Event] Added ethernet device tap0 to default list
10/14/24-15:57:54:337 (14613) 0 [Utility.Event] Log Monitor Started
10/14/24-15:57:54:441 (14614) 0 [Utility.Event] Clean Daemon Started
10/14/24-15:57:54:569 (14612) 0 [Utility.Event] Updating configuration information from /usr/irissys/iris.cpf
10/14/24-15:57:54:588 (14612) 0 [Utility.Event] No archives configured
10/14/24-15:57:54:590 (14612) 0 [Utility.Event] Performing Journal Recovery
10/14/24-15:57:54:590 (14612) 0 [Utility.Event] Graceful system shutdown, journal restore not required
10/14/24-15:57:54:590 (14612) 0 [Utility.Event] Graceful system shutdown, transaction rollback not required
10/14/24-15:57:54:594 (14612) 0 [Utility.Event] START: /usr/irissys/mgr/journal/20241014.001
10/14/24-15:57:54:604 (14612) 0 [Generic.Event] INTERSYSTEMS IRIS JOURNALING SYSTEM MESSAGE
Journaling started to: /usr/irissys/mgr/journal/20241014.001
10/14/24-15:57:54:604 (14612) 0 [Utility.Event] Journaling to /usr/irissys/mgr/journal/20241014.001 started.
10/14/24-15:57:54:605 (14612) 0 [Utility.Event] Processing WorkQueues section
10/14/24-15:57:54:606 (14612) 0 [Utility.Event] Processing Startup section
10/14/24-15:57:54:610 (14615) 0 [Utility.Event] Purging old application errors
10/14/24-15:57:54:610 (14612) 0 [Utility.Event] Created temp directory /usr/irissys/mgr/Temp
10/14/24-15:57:54:610 (14612) 0 [Utility.Event] Processing config section
10/14/24-15:57:54:611 (14612) 2 [Utility.Event] LMF Error: No valid license key. No valid local file found and LicenseID not defined.
10/14/24-15:57:54:707 (14612) 0 [Utility.Event] Initializing Security system
10/14/24-15:57:54:807 (14612) 0 [Utility.Event] Processing Network section
10/14/24-15:57:54:808 (14612) 0 [Utility.Event] Activating Network
10/14/24-15:57:54:812 (14612) 0 [Utility.Event] Processing Databases section
10/14/24-15:57:54:814 (14612) 0 [Database.MountedRW] Mounted database /usr/irissys/mgr/irisaudit/ (SFN 4) read-write.
10/14/24-15:57:54:816 (14612) 0 [Utility.Event] Processing Namespaces section
10/14/24-15:57:54:816 (14612) 0 [Utility.Event] Loading all namespaces
10/14/24-15:57:54:857 (14612) 0 [Utility.Event] Activating namespaces
10/14/24-15:57:54:857 (14612) 0 [Utility.Event] Activating new namespace map
10/14/24-15:57:54:868 (14612) 0 [Utility.Event] Namespace changes have been activated
10/14/24-15:57:54:874 (14619) 0 [Utility.Event] Starting superserver on port 1972
10/14/24-15:57:54:874 (14612) 0 [Utility.Event] Network Lock Upload Phase Starting
10/14/24-15:57:54:874 (14612) 0 [Utility.Event] Lock Upload Phase Complete
10/14/24-15:57:54:875 (14612) 0 [Utility.Event] Processing Miscellaneous section
10/14/24-15:57:54:884 (14622) 0 [Utility.Event] Starting Servers
10/14/24-15:57:54:884 (14612) 0 [Utility.Event] Processing Devices section
10/14/24-15:57:54:884 (14622) 0 [Utility.Event] Processing Shadows section (this system as shadow)
10/14/24-15:57:54:885 (14612) 0 [Utility.Event] Processing DeviceSubTypes section
10/14/24-15:57:54:885 (14612) 0 [Utility.Event] Processing MagTape section
10/14/24-15:57:54:885 (14612) 0 [Utility.Event] Processing IO section
10/14/24-15:57:54:885 (14622) 0 [Utility.Event] Processing Monitor section
10/14/24-15:57:54:885 (14612) 0 [Utility.Event] Processing SQL section
10/14/24-15:57:54:886 (14612) 0 [Utility.Event] Processing Macro Pre-Processor (MPP) section
10/14/24-15:57:54:887 (14612) 0 [Database.MountedRW] Mounted database /usr/irissys/mgr/user/ (SFN 5) read-write.
10/14/24-15:57:54:887 (14612) 0 [Utility.Event] Processing OS Package Requirements section
10/14/24-15:57:54:896 (14626) 0 [Utility.Event] [SYSTEM MONITOR] System Monitor started in %SYS
10/14/24-15:57:54:904 (14622) 0 [Utility.Event] Shard license: 0
10/14/24-15:57:54:904 (14628) 0 [Utility.Event] WorkQueue: Starting work queue daemon parent=14622
10/14/24-15:57:54:905 (14611) 0 [Database.StartExpansion] Starting Expansion for database /usr/irissys/mgr/irislocaldata/. 10 MB requested.
10/14/24-15:57:54:909 (14611) 0 [Database.FullExpansion] Expansion completed for database /usr/irissys/mgr/irislocaldata/. Expanded by 10 MB.
10/14/24-15:57:54:918 (14611) 0 [Database.StartExpansion] Starting Expansion for database /usr/irissys/mgr/irislocaldata/. 10 MB requested.
10/14/24-15:57:54:922 (14611) 0 [Database.FullExpansion] Expansion completed for database /usr/irissys/mgr/irislocaldata/. Expanded by 10 MB.
10/14/24-15:57:54:932 (14611) 0 [Database.StartExpansion] Starting Expansion for database /usr/irissys/mgr/irislocaldata/. 10 MB requested.
10/14/24-15:57:54:935 (14611) 0 [Database.FullExpansion] Expansion completed for database /usr/irissys/mgr/irislocaldata/. Expanded by 10 MB.
10/14/24-15:57:54:935 (14611) 0 [Database.SparseDBExpansion] Expanding capacity of sparse database /usr/irissys/mgr/iristemp/ by 10 MB.
10/14/24-15:57:54:940 (14612) 0 [Generic.Event] Auditing to /usr/irissys/mgr/irisaudit/
10/14/24-15:57:54:947 (14611) 0 [Database.StartExpansion] Starting Expansion for database /usr/irissys/mgr/irisaudit/. 10 MB requested.
10/14/24-15:57:54:951 (14611) 0 [Database.FullExpansion] Expansion completed for database /usr/irissys/mgr/irisaudit/. Expanded by 10 MB.
10/14/24-15:57:54:971 (14612) 0 [Utility.Event] Interoperability: Installing IRIS
10/14/24-15:57:56:482 (14612) 0 [Generic.Event] Switched database /usr/irissys/mgr/irislib/ (SFN 1) to read-write.
10/14/24-15:57:56:484 (14612) 0 [Database.MountedRO] Mounted database /usr/irissys/mgr/enslib/ (SFN 6) read-only. Database label is marked read-only. 
10/14/24-15:57:59:486 (14612) 0 [Generic.Event] Switched database /usr/irissys/mgr/enslib/ (SFN 6) to read-write.
10/14/24-15:58:00:042 (14611) 0 [Database.StartExpansion] Starting Expansion for database /usr/irissys/mgr/enslib/. 17 MB requested.
10/14/24-15:58:00:047 (14611) 0 [Database.FullExpansion] Expansion completed for database /usr/irissys/mgr/enslib/. Expanded by 17 MB.
10/14/24-15:58:07:353 (14612) 0 [Generic.Event] Switched database /usr/irissys/mgr/irislib/ (SFN 1) to read-only.
10/14/24-15:58:07:354 (14612) 0 [Generic.Event] Switched database /usr/irissys/mgr/enslib/ (SFN 6) to read-only.
10/14/24-15:58:07:356 (14612) 0 [Utility.Event] Enabling logons
10/14/24-15:58:07:419 (14612) 0 [Utility.Event] Initializing Interoperability during system startup
10/14/24-15:58:07:419 (14612) 0 [Utility.Event] Not licensed for Interoperability, auto-start skipped.
10/14/24-15:58:07:892 (14623) 0 [Utility.Event] Starting TASKMGR
10/14/24-15:58:07:908 (14655) 0 [Utility.Event] User 'irisowner' shutting down InterSystems IRIS
10/14/24-15:58:07:961 (14655) 0 [Utility.Event] Notifying Clients
10/14/24-15:58:07:961 (14655) 0 [Utility.Event] No user shutdown routines to execute
10/14/24-15:58:07:962 (14655) 0 [Utility.Event] Stopping User Jobs
10/14/24-15:58:07:963 (14655) 0 [Utility.Event] Stopping Network Servers
10/14/24-15:58:07:964 (14655) 0 [Utility.Event] Withdrawing from License Domain
10/14/24-15:58:07:964 (14655) 0 [Utility.Event] Waiting for users to stop
10/14/24-15:58:07:964 (14655) 0 [Utility.Event] 1 user process(es) remain
10/14/24-15:58:10:972 (14655) 0 [Generic.Event] Auditing stopped
10/14/24-15:58:10:972 (14655) 0 [Utility.Event] Stopping Client Networking
10/14/24-15:58:10:973 (14655) 0 [Utility.Event] Updating Journal File
10/14/24-15:58:10:994 (14655) 0 [Utility.Event] Journal restore not required at next startup
10/14/24-15:58:10:994 (14655) 0 [Utility.Event] Transaction rollback not required at next startup
10/14/24-15:58:11:065 (14655) 0 [Utility.Event] Removing database locks
10/14/24-15:58:11:067 (14655) 0 [Utility.Event] Waiting for database updates to complete
10/14/24-15:58:11:067 (14655) 0 [Utility.Event] Database updates complete
10/14/24-15:58:11:068 (14655) 0 [Utility.Event] Stopping System Jobs
10/14/24-15:58:11:168 (14611) 0 [Generic.Event] EXPDMN exited due to system shutdown
10/14/24-15:58:11:168 (14603) 0 [Generic.Event] JRNDMN exited due to system shutdown
10/14/24-15:58:11:168 (14602) 0 [Generic.Event] GARCOL exited due to system shutdown
10/14/24-15:58:11:168 (14604) 0 [Generic.Event] AUXWD #1 exited due to system shutdown
10/14/24-15:58:11:168 (14605) 0 [Generic.Event] AUXWD #2 exited due to system shutdown
10/14/24-15:58:11:169 (14606) 0 [Generic.Event] AUXWD #3 exited due to system shutdown
10/14/24-15:58:11:169 (14607) 0 [Generic.Event] AUXWD #4 exited due to system shutdown
10/14/24-15:58:11:169 (14608) 0 [Generic.Event] AUXWD #5 exited due to system shutdown
10/14/24-15:58:11:169 (14609) 0 [Generic.Event] AUXWD #6 exited due to system shutdown
10/14/24-15:58:11:169 (14610) 0 [Generic.Event] AUXWD #7 exited due to system shutdown
10/14/24-15:58:11:173 (14601) 0 [Generic.Event] No blocks pending in WIJ file
10/14/24-15:58:11:175 (14601) 0 [Generic.Event] WRTDMN exited due to system shutdown
10/14/24-15:58:11:179 (14560) 0 [Generic.Event] CONTROL exited due to system shutdown
10/14/24-15:58:11:199 (14655) 0 [Utility.Event] Shutdown complete



*** Recovery started at Mon Oct 14 15:58:12 2024
     Current default directory: /usr/irissys/mgr
     Log file directory: /usr/irissys/mgr/
     WIJ file spec: /usr/irissys/mgr/IRIS.WIJ
Recovering local (/usr/irissys/mgr/IRIS.WIJ) image journal file...
Starting WIJ recovery for '/usr/irissys/mgr/IRIS.WIJ'.
  0 blocks pending in this WIJ.
Exiting with status 3 (Success)
10/14/24-15:58:12:504 (15084) 0 [Generic.Event] Global buffer setting requires attention.  Auto-selected 25% of total memory.
10/14/24-15:58:12:560 (15084) 0 [Generic.Event] Allocated 36808MB shared memory
10/14/24-15:58:12:560 (15084) 0 [Generic.Event] 32530MB global buffers, 1020MB routine buffers, 64MB journal buffers, 2197MB buffer descriptors, 976MB heap, 5MB ECP, 15MB miscellaneous
10/14/24-15:58:12:561 (15084) 0 [SIMD] SIMD optimization level: DEFAULT
10/14/24-15:58:12:732 (15084) 0 [WriteDaemon.UsingWIJFile] Using WIJ file: /usr/irissys/mgr/IRIS.WIJ
10/14/24-15:58:12:733 (15084) 0 [Generic.Event] Jrn info from prior WIJ (imflags: 0):
	wdpass: 0
	jrnwdpass: 15
	fspec: /usr/irissys/mgr/journal/20241014.001
	filecnt: 1
	fileoff: 0
	prevfcnt: 1
	prevfileoeff: 0
	min trans cnt: 1
	min trans index: 4191176
10/14/24-15:58:12:733 (15084) 0 [Generic.Event] InterSystems IRIS is started with NOSTU option.
10/14/24-15:58:12:736 (15084) 0 [Generic.Event] 
Startup of InterSystems IRIS [IRIS for UNIX (Ubuntu Server LTS for ARM64 Containers) 2024.2 (Build 247U) Tue Jul 16 2024 09:31:25 EDT]
	in /usr/irissys/bin/
	with mgr: /usr/irissys/mgr
	with wij: /usr/irissys/mgr/IRIS.WIJ
	from: /usr/irissys/mgr/
  OS=[Linux], version=[#1 SMP Fri Oct 7 11:33:30 EDT 2022], release=[4.18.0-372.32.1.el8_6.aarch64], machine=[aarch64]
  nodename=[81c83bbebc63].
  numasyncwijbuf: 2, wdwrite_asyncio_max: 64, wijdirectio: on, synctype: 3
  System Initialized.
10/14/24-15:58:12:745 (15125) 0 [WriteDaemon.Started] Write daemon started.
10/14/24-15:58:12:765 (15157) 0 [Database.MountedRW] Mounted database /usr/irissys/mgr/ (SFN 0) read-write.
10/14/24-15:58:12:769 (15157) 0 [Database.MountedRO] Mounted database /usr/irissys/mgr/irislib/ (SFN 1) read-only. Database label is marked read-only. 
10/14/24-15:58:12:776 (15157) 0 [Database.MountedRW] Mounted database /usr/irissys/mgr/irislocaldata/ (SFN 2) read-write.
10/14/24-15:58:12:778 (15157) 2 [Utility.Event] SQL detected collation mismatch which can cause incorrect query results. Default process collation (5) is different from IRISTEMP database collation ()
10/14/24-15:58:12:974 (15175) 0 [Utility.Event] User 'irisowner' shutting down InterSystems IRIS
10/14/24-15:58:13:038 (15175) 0 [Utility.Event] Notifying Clients
10/14/24-15:58:13:039 (15175) 0 [Utility.Event] No user shutdown routines to execute
10/14/24-15:58:13:039 (15175) 0 [Utility.Event] Stopping User Jobs
10/14/24-15:58:13:041 (15175) 0 [Utility.Event] Stopping Network Servers
10/14/24-15:58:13:041 (15175) 0 [Utility.Event] Withdrawing from License Domain
10/14/24-15:58:13:042 (15175) 0 [Utility.Event] Stopping Client Networking
10/14/24-15:58:13:043 (15175) 0 [Utility.Event] Updating Journal File
10/14/24-15:58:13:043 (15175) 0 [Utility.Event] Skip jrnwait as WIJ update is disabled
10/14/24-15:58:13:093 (15175) 0 [Utility.Event] Removing database locks
10/14/24-15:58:13:095 (15175) 0 [Utility.Event] Waiting for database updates to complete
10/14/24-15:58:13:095 (15175) 0 [Utility.Event] Database updates complete
10/14/24-15:58:13:095 (15175) 0 [Utility.Event] Stopping System Jobs
10/14/24-15:58:13:196 (15135) 0 [Generic.Event] EXPDMN exited due to system shutdown
10/14/24-15:58:13:196 (15127) 0 [Generic.Event] JRNDMN exited due to system shutdown
10/14/24-15:58:13:196 (15126) 0 [Generic.Event] GARCOL exited due to system shutdown
10/14/24-15:58:13:196 (15128) 0 [Generic.Event] AUXWD #1 exited due to system shutdown
10/14/24-15:58:13:196 (15129) 0 [Generic.Event] AUXWD #2 exited due to system shutdown
10/14/24-15:58:13:196 (15130) 0 [Generic.Event] AUXWD #3 exited due to system shutdown
10/14/24-15:58:13:196 (15131) 0 [Generic.Event] AUXWD #4 exited due to system shutdown
10/14/24-15:58:13:196 (15132) 0 [Generic.Event] AUXWD #5 exited due to system shutdown
10/14/24-15:58:13:196 (15133) 0 [Generic.Event] AUXWD #6 exited due to system shutdown
10/14/24-15:58:13:196 (15134) 0 [Generic.Event] AUXWD #7 exited due to system shutdown
10/14/24-15:58:13:196 (15125) 0 [Generic.Event] No blocks pending in WIJ file
10/14/24-15:58:13:197 (15125) 0 [Generic.Event] WRTDMN exited due to system shutdown
10/14/24-15:58:13:206 (15084) 0 [Generic.Event] CONTROL exited due to system shutdown
10/14/24-15:58:13:226 (15175) 0 [Utility.Event] Shutdown complete
10/22/24-21:12:54:851 (525) 0 [Generic.Event] Global buffer setting requires attention.  Auto-selected 25% of total memory.
10/22/24-21:12:54:891 (525) 0 [Generic.Event] Allocated 9758MB shared memory
10/22/24-21:12:54:891 (525) 0 [Generic.Event] 8011MB global buffers, 801MB routine buffers, 64MB journal buffers, 561MB buffer descriptors, 300MB heap, 5MB ECP, 15MB miscellaneous
10/22/24-21:12:54:892 (525) 0 [SIMD] SIMD optimization level: DEFAULT
10/22/24-21:12:55:018 (525) 0 [WriteDaemon.UsingWIJFile] Using WIJ file: /usr/irissys/mgr/IRIS.WIJ
10/22/24-21:12:55:018 (525) 0 [Generic.Event] No journaling info from prior system
10/22/24-21:12:55:018 (525) 0 [WriteDaemon.CreatingNewWIJ] Creating a new WIJ file
10/22/24-21:12:55:106 (525) 0 [WriteDaemon.CreatedNewWIJ] New WIJ file created
10/22/24-21:12:55:122 (525) 0 [Generic.Event] 
Startup of InterSystems IRIS [IRIS for UNIX (Ubuntu Server LTS for ARM64 Containers) 2024.2 (Build 247U) Tue Jul 16 2024 09:31:25 EDT]
	in /usr/irissys/bin/
	with mgr: /usr/irissys/mgr
	with wij: /usr/irissys/mgr/IRIS.WIJ
	from: /usr/irissys/mgr/
  OS=[Linux], version=[#1 SMP Wed Oct  2 16:38:00 UTC 2024], release=[6.10.4-linuxkit], machine=[aarch64]
  nodename=[buildkitsandbox].
  numasyncwijbuf: 2, wdwrite_asyncio_max: 64, wijdirectio: on, synctype: 3
  System Initialized.
10/22/24-21:12:55:125 (566) 0 [WriteDaemon.Started] Write daemon started.
10/22/24-21:12:55:200 (577) 0 [Database.MountedRW] Mounted database /usr/irissys/mgr/ (SFN 0) read-write.
10/22/24-21:12:55:214 (577) 0 [Utility.Event] Instance 'IRIS' starting on node buildkitsandbox by user 'irisowner' on 10/22/2024 21:12:55.214 UTC
10/22/24-21:12:55:214 (577) 0 [Utility.Event] Using parameters from file '/usr/irissys/iris.cpf'
10/22/24-21:12:55:214 (577) 0 [Utility.Event] Loading DLLs
10/22/24-21:12:55:613 (577) 0 [Database.MountedRO] Mounted database /usr/irissys/mgr/irislib/ (SFN 1) read-only. Database label is marked read-only. 
10/22/24-21:12:55:614 (577) 0 [Utility.Event] Switching to temporary %SYS Namespace
10/22/24-21:12:55:617 (577) 0 [Utility.Event] Loading Locale enuw (English, United States, Unicode) from objects
10/22/24-21:12:55:700 (577) 0 [Database.MountedRW] Mounted database /usr/irissys/mgr/irislocaldata/ (SFN 2) read-write.
10/22/24-21:12:55:700 (577) 0 [Utility.Event] Using OpenSSL 3.0.13 30 Jan 2024
10/22/24-21:12:55:751 (577) 0 [Database.MountedRW] Mounted database /usr/irissys/mgr/iristemp/ (SFN 3) read-write.
10/22/24-21:12:55:752 (577) 0 [Utility.Event] /usr/irissys/mgr/iristemp/ initialized as IRISTEMP
10/22/24-21:12:55:753 (577) 0 [Utility.Event] Switching to default %SYS Namespace
10/22/24-21:12:55:754 (577) 0 [Utility.Event] Added ethernet device tunl0,gre0,gretap0,erspan0,ip_vti0,ip6_vti0,sit0,ip6tnl0,ip6gre0 to default list
10/22/24-21:12:55:763 (578) 0 [Utility.Event] Log Monitor Started
10/22/24-21:12:55:873 (579) 0 [Utility.Event] Clean Daemon Started
10/22/24-21:12:55:876 (577) 0 [Utility.Event] No archives configured
10/22/24-21:12:55:879 (577) 0 [Utility.Event] Performing Journal Recovery
10/22/24-21:12:55:879 (577) 0 [Utility.Event] Graceful system shutdown, journal restore not required
10/22/24-21:12:55:879 (577) 0 [Utility.Event] Graceful system shutdown, transaction rollback not required
10/22/24-21:12:55:884 (577) 0 [Utility.Event] START: /usr/irissys/mgr/journal/20241022.001
10/22/24-21:12:55:889 (577) 0 [Generic.Event] INTERSYSTEMS IRIS JOURNALING SYSTEM MESSAGE
Journaling started to: /usr/irissys/mgr/journal/20241022.001
10/22/24-21:12:55:889 (577) 0 [Utility.Event] Journaling to /usr/irissys/mgr/journal/20241022.001 started.
10/22/24-21:12:55:889 (577) 0 [Utility.Event] Processing WorkQueues section
10/22/24-21:12:55:890 (577) 0 [Utility.Event] Processing Startup section
10/22/24-21:12:55:895 (580) 0 [Utility.Event] Purging old application errors
10/22/24-21:12:55:895 (577) 0 [Utility.Event] Processing config section
10/22/24-21:12:55:899 (581) 0 [Utility.Event] LMF Info:  Licensed for 64 users.
10/22/24-21:12:55:902 (577) 0 [Utility.Event] Initializing Security system
10/22/24-21:12:55:911 (577) 0 [Utility.Event] Processing Network section
10/22/24-21:12:55:912 (577) 0 [Utility.Event] Activating Network
10/22/24-21:12:55:915 (577) 0 [Utility.Event] Processing Databases section
10/22/24-21:12:55:933 (577) 0 [Database.MountedRW] Mounted database /usr/irissys/mgr/irisaudit/ (SFN 4) read-write.
10/22/24-21:12:55:934 (577) 0 [Utility.Event] Processing Namespaces section
10/22/24-21:12:55:934 (577) 0 [Utility.Event] Namespaces are up to date
10/22/24-21:12:55:934 (577) 0 [Utility.Event] Activating namespaces
10/22/24-21:12:55:934 (577) 0 [Utility.Event] Activating new namespace map
10/22/24-21:12:55:938 (577) 0 [Utility.Event] Namespace changes have been activated
10/22/24-21:12:55:941 (585) 0 [Utility.Event] Starting superserver on port 1972
10/22/24-21:12:55:942 (577) 0 [Utility.Event] Network Lock Upload Phase Starting
10/22/24-21:12:55:942 (577) 0 [Utility.Event] Lock Upload Phase Complete
10/22/24-21:12:55:942 (577) 0 [Utility.Event] Processing Miscellaneous section
10/22/24-21:12:55:948 (588) 0 [Utility.Event] Starting Servers
10/22/24-21:12:55:948 (588) 0 [Utility.Event] Processing Shadows section (this system as shadow)
10/22/24-21:12:55:948 (577) 0 [Utility.Event] Processing Devices section
10/22/24-21:12:55:949 (588) 0 [Utility.Event] Processing Monitor section
10/22/24-21:12:55:949 (577) 0 [Utility.Event] Processing DeviceSubTypes section
10/22/24-21:12:55:949 (577) 0 [Utility.Event] Processing MagTape section
10/22/24-21:12:55:950 (577) 0 [Utility.Event] Processing IO section
10/22/24-21:12:55:950 (577) 0 [Utility.Event] Processing SQL section
10/22/24-21:12:55:951 (577) 0 [Utility.Event] Processing Macro Pre-Processor (MPP) section
10/22/24-21:12:55:951 (577) 0 [Utility.Event] Processing OS Package Requirements section
10/22/24-21:12:55:953 (589) 0 [Utility.Event] Starting TASKMGR
10/22/24-21:12:55:955 (592) 0 [Utility.Event] [SYSTEM MONITOR] System Monitor started in %SYS
10/22/24-21:12:55:960 (594) 0 [Utility.Event] WorkQueue: Starting work queue daemon parent=588
10/22/24-21:12:55:960 (588) 0 [Utility.Event] Shard license: 1
10/22/24-21:12:55:980 (577) 0 [Generic.Event] Auditing to /usr/irissys/mgr/irisaudit/
10/22/24-21:12:55:990 (577) 0 [Utility.Event] Enabling logons
10/22/24-21:12:55:991 (577) 0 [Utility.Event] Initializing Interoperability during system startup
10/22/24-21:12:56:003 (597) 0 [Database.MountedRW] Mounted database /usr/irissys/mgr/user/ (SFN 5) read-write.
10/22/24-21:12:56:004 (597) 0 [Utility.Event] Enabling namespace 'USER' for Interoperability
10/22/24-21:12:56:187 (597) 0 [Database.MountedRO] Mounted database /usr/irissys/mgr/enslib/ (SFN 6) read-only. Database label is marked read-only. 
10/22/24-21:12:56:198 (597) 0 [Utility.Event] Activating USER namespace map
10/22/24-21:12:56:211 (597) 0 [Utility.Event] Namespace USER changes have been activated
10/22/24-21:12:56:212 (597) 0 [Utility.Event] Rebuilding Extent index for namespace USER
10/22/24-21:12:56:733 (597) 0 [Utility.Event] Rebuild of Extent index completed
10/22/24-21:12:56:756 (597) 0 [Utility.Event] Activating USER namespace map
10/22/24-21:12:56:771 (597) 0 [Utility.Event] Namespace USER changes have been activated
10/22/24-21:12:56:897 (597) 0 [Utility.Event] Activating USER namespace map
10/22/24-21:12:56:899 (597) 0 [Utility.Event] Namespace USER changes have been activated
10/22/24-21:12:57:233 (576) 0 [Database.StartExpansion] Starting Expansion for database /usr/irissys/mgr/user/. 10 MB requested.
10/22/24-21:12:57:246 (576) 0 [Database.FullExpansion] Expansion completed for database /usr/irissys/mgr/user/. Expanded by 10 MB.
10/22/24-21:12:57:901 (581) 0 [Utility.Event] LMF Info:  Connected to license server 127.0.0.1,4002
10/22/24-21:12:59:210 (576) 0 [Database.SparseDBExpansion] Expanding capacity of sparse database /usr/irissys/mgr/iristemp/ by 10 MB.
10/22/24-21:12:59:277 (576) 0 [Database.StartExpansion] Starting Expansion for database /usr/irissys/mgr/. 10 MB requested.
10/22/24-21:12:59:318 (576) 0 [Database.FullExpansion] Expansion completed for database /usr/irissys/mgr/. Expanded by 10 MB.
10/22/24-21:13:00:538 (576) 0 [Database.StartExpansion] Starting Expansion for database /usr/irissys/mgr/. 10 MB requested.
10/22/24-21:13:00:568 (576) 0 [Database.FullExpansion] Expansion completed for database /usr/irissys/mgr/. Expanded by 10 MB.
10/22/24-21:13:06:204 (525) 0 [Generic.Event] Starting pidtab expansion (4 chunks)
10/22/24-21:13:06:204 (525) 0 [Generic.Event] Ending pidtab expansion (4 chunks)
10/22/24-21:13:32:615 (576) 0 [Database.StartExpansion] Starting Expansion for database /usr/irissys/mgr/. 10 MB requested.
10/22/24-21:13:32:627 (576) 0 [Database.FullExpansion] Expansion completed for database /usr/irissys/mgr/. Expanded by 10 MB.
10/22/24-21:13:32:655 (597) 0 [Utility.Event] Activating new namespace map
10/22/24-21:13:32:660 (597) 0 [Utility.Event] Namespace changes have been activated
10/22/24-21:13:32:810 (597) 0 [Utility.Event] Activating new namespace map
10/22/24-21:13:32:827 (597) 0 [Utility.Event] Namespace changes have been activated
10/22/24-21:13:32:827 (597) 0 [Utility.Event] Rebuilding Extent index for all namespaces
10/22/24-21:13:32:827 (597) 0 [Utility.Event] Rebuilding Extent index for namespace %SYS
10/22/24-21:13:32:914 (597) 0 [Utility.Event] Rebuilding Extent index for namespace USER
10/22/24-21:13:32:945 (597) 0 [Utility.Event] Rebuild of Extent index completed
10/22/24-21:13:32:975 (597) 0 [Utility.Event] Activating new namespace map
10/22/24-21:13:32:980 (597) 0 [Utility.Event] Namespace changes have been activated
10/22/24-21:13:43:267 (597) 0 [Generic.Event] Dismounted database /usr/irissys/mgr/irisaudit/ (SFN 4)
10/22/24-21:13:44:276 (597) 0 [Database.MountedRW] Mounted database /usr/irissys/mgr/irisaudit/ (SFN 4) read-write.
10/22/24-21:13:44:289 (576) 0 [Database.StartExpansion] Starting Expansion for database /usr/irissys/mgr/irisaudit/. 10 MB requested.
10/22/24-21:13:44:300 (576) 0 [Database.FullExpansion] Expansion completed for database /usr/irissys/mgr/irisaudit/. Expanded by 10 MB.
10/22/24-21:13:44:326 (652) 0 [Utility.Event] Merging /home/irisowner/dev/merge.cpf into /usr/irissys/iris.cpf
10/22/24-21:13:44:327 (652) 0 [Utility.Event] Validating CPF file /usr/irissys/iris.cpf_Merge
10/22/24-21:13:44:424 (652) 0 [Utility.Event] No errors found in CPF file /usr/irissys/iris.cpf_Merge
10/22/24-21:13:44:424 (652) 0 [Utility.Event] Reading [Actions] section
10/22/24-21:13:44:424 (652) 0 [Utility.Event] Validating [Actions] section
10/22/24-21:13:45:334 (652) 0 [Utility.Event] Reading [Actions] section
10/22/24-21:13:45:334 (652) 0 [Utility.Event] Validating [Actions] section
10/22/24-21:13:45:334 (652) 0 [Utility.Event] Executing [Actions] section
10/22/24-21:13:45:397 (652) 0 [Database.MountedRW] Mounted database /usr/irissys/mgr/IRISAPP_DATA/ (SFN 7) read-write.
10/22/24-21:13:45:428 (652) 0 [Database.MountedRW] Mounted database /usr/irissys/mgr/IRISAPP_CODE/ (SFN 8) read-write.
10/22/24-21:13:45:463 (652) 0 [Utility.Event] Activating IRISAPP namespace map
10/22/24-21:13:45:464 (652) 0 [Utility.Event] Namespace IRISAPP changes have been activated
10/22/24-21:13:45:464 (652) 0 [Utility.Event] Enabling interoperability for namespace IRISAPP
10/22/24-21:13:45:465 (652) 0 [Utility.Event] Enabling namespace 'IRISAPP' for Interoperability
10/22/24-21:13:45:491 (652) 0 [Utility.Event] Activating IRISAPP namespace map
10/22/24-21:13:45:506 (652) 0 [Utility.Event] Namespace IRISAPP changes have been activated
10/22/24-21:13:45:506 (652) 0 [Utility.Event] Rebuilding Extent index for namespace IRISAPP
10/22/24-21:13:45:539 (652) 0 [Utility.Event] Rebuild of Extent index completed
10/22/24-21:13:45:562 (652) 0 [Utility.Event] Activating IRISAPP namespace map
10/22/24-21:13:45:577 (652) 0 [Utility.Event] Namespace IRISAPP changes have been activated
10/22/24-21:13:45:714 (652) 0 [Utility.Event] Activating IRISAPP namespace map
10/22/24-21:13:45:716 (652) 0 [Utility.Event] Namespace IRISAPP changes have been activated
10/22/24-21:13:45:984 (576) 0 [Database.StartExpansion] Starting Expansion for database /usr/irissys/mgr/IRISAPP_DATA/. 10 MB requested.
10/22/24-21:13:45:996 (576) 0 [Database.FullExpansion] Expansion completed for database /usr/irissys/mgr/IRISAPP_DATA/. Expanded by 10 MB.
10/22/24-21:13:45:998 (652) 0 [Database.MountedRW] Mounted database /usr/irissys/mgr/IRISAPP_DATA/irisapp_dataenstemp/ (SFN 9) read-write.
10/22/24-21:13:46:047 (652) 0 [Utility.Event] Activating IRISAPP namespace map
10/22/24-21:13:46:049 (652) 0 [Utility.Event] Namespace IRISAPP changes have been activated
10/22/24-21:13:46:053 (652) 0 [Database.MountedRW] Mounted database /usr/irissys/mgr/IRISAPP_DATA/irisapp_datasecondary/ (SFN 10) read-write.
10/22/24-21:13:46:112 (652) 0 [Utility.Event] Activating IRISAPP namespace map
10/22/24-21:13:46:127 (652) 0 [Utility.Event] Namespace IRISAPP changes have been activated
10/22/24-21:13:46:256 (660) 0 [Utility.Event] Purging old application errors
10/22/24-21:13:46:256 (652) 0 [Utility.Event] Activating Network
10/22/24-21:13:46:295 (652) 0 [Utility.Event] Activating new namespace map
10/22/24-21:13:46:316 (652) 0 [Utility.Event] Namespace changes have been activated
10/22/24-21:13:46:316 (652) 0 [Utility.Event] Rebuilding Extent index for all namespaces
10/22/24-21:13:46:316 (652) 0 [Utility.Event] Rebuilding Extent index for namespace %SYS
10/22/24-21:13:46:338 (652) 0 [Utility.Event] Rebuilding Extent index for namespace IRISAPP
10/22/24-21:13:46:363 (652) 0 [Utility.Event] Rebuilding Extent index for namespace USER
10/22/24-21:13:46:388 (652) 0 [Utility.Event] Rebuild of Extent index completed
10/22/24-21:13:46:405 (662) 0 [Utility.Event] Purging old application errors
10/22/24-21:13:46:406 (652) 0 [Utility.Event] Activating Network
10/22/24-21:13:46:443 (652) 0 [Utility.Event] Activating new namespace map
10/22/24-21:13:46:466 (652) 0 [Utility.Event] Namespace changes have been activated
10/22/24-21:13:46:489 (664) 0 [Utility.Event] Purging old application errors
10/22/24-21:13:46:489 (652) 0 [Utility.Event] Activating Network
10/22/24-21:13:46:532 (652) 0 [Utility.Event] Activating new namespace map
10/22/24-21:13:46:555 (652) 0 [Utility.Event] Namespace changes have been activated
10/22/24-21:13:46:577 (666) 0 [Utility.Event] Purging old application errors
10/22/24-21:13:46:578 (652) 0 [Utility.Event] Activating Network
10/22/24-21:13:46:617 (652) 0 [Utility.Event] Activating new namespace map
10/22/24-21:13:46:626 (652) 0 [Utility.Event] Namespace changes have been activated
10/22/24-21:13:46:971 (576) 0 [Database.StartExpansion] Starting Expansion for database /usr/irissys/mgr/IRISAPP_CODE/. 10 MB requested.
10/22/24-21:13:47:004 (576) 0 [Database.FullExpansion] Expansion completed for database /usr/irissys/mgr/IRISAPP_CODE/. Expanded by 10 MB.
10/22/24-21:13:48:403 (576) 0 [Database.StartExpansion] Starting Expansion for database /usr/irissys/mgr/IRISAPP_CODE/. 10 MB requested.
10/22/24-21:13:48:423 (576) 0 [Database.FullExpansion] Expansion completed for database /usr/irissys/mgr/IRISAPP_CODE/. Expanded by 10 MB.
10/22/24-21:13:55:371 (698) 0 [Utility.Event] User 'irisowner' shutting down InterSystems IRIS
10/22/24-21:13:56:366 (698) 0 [Utility.Event] Notifying Clients
10/22/24-21:13:56:366 (592) 0 [Utility.Event] [SYSTEM MONITOR] System Monitor stopped in %SYS
10/22/24-21:13:56:366 (698) 0 [Utility.Event] No user shutdown routines to execute
10/22/24-21:13:56:367 (698) 0 [Utility.Event] Stopping User Jobs
10/22/24-21:13:56:381 (698) 0 [Utility.Event] Stopping Network Servers
10/22/24-21:13:56:382 (698) 0 [Utility.Event] Withdrawing from License Domain
10/22/24-21:13:56:384 (698) 0 [Generic.Event] Auditing stopped
10/22/24-21:13:56:384 (698) 0 [Utility.Event] Stopping Client Networking
10/22/24-21:13:56:385 (698) 0 [Utility.Event] Updating Journal File
10/22/24-21:13:56:408 (698) 0 [Utility.Event] Journal restore not required at next startup
10/22/24-21:13:56:408 (698) 0 [Utility.Event] Transaction rollback not required at next startup
10/22/24-21:13:56:488 (698) 0 [Utility.Event] Removing database locks
10/22/24-21:13:56:490 (698) 0 [Utility.Event] Waiting for database updates to complete
10/22/24-21:13:56:490 (698) 0 [Utility.Event] Database updates complete
10/22/24-21:13:56:490 (698) 0 [Utility.Event] Stopping System Jobs
10/22/24-21:13:56:593 (576) 0 [Generic.Event] EXPDMN exited due to system shutdown
10/22/24-21:13:56:594 (568) 0 [Generic.Event] JRNDMN exited due to system shutdown
10/22/24-21:13:56:594 (567) 0 [Generic.Event] GARCOL exited due to system shutdown
10/22/24-21:13:56:599 (569) 0 [Generic.Event] AUXWD #1 exited due to system shutdown
10/22/24-21:13:56:599 (571) 0 [Generic.Event] AUXWD #2 exited due to system shutdown
10/22/24-21:13:56:600 (572) 0 [Generic.Event] AUXWD #3 exited due to system shutdown
10/22/24-21:13:56:600 (573) 0 [Generic.Event] AUXWD #4 exited due to system shutdown
10/22/24-21:13:56:600 (570) 0 [Generic.Event] AUXWD #5 exited due to system shutdown
10/22/24-21:13:56:601 (575) 0 [Generic.Event] AUXWD #6 exited due to system shutdown
10/22/24-21:13:56:601 (574) 0 [Generic.Event] AUXWD #7 exited due to system shutdown
10/22/24-21:13:56:601 (566) 0 [Generic.Event] No blocks pending in WIJ file
10/22/24-21:13:56:602 (566) 0 [Generic.Event] WRTDMN exited due to system shutdown
10/22/24-21:13:56:607 (525) 0 [Generic.Event] CONTROL exited due to system shutdown
10/22/24-21:13:56:618 (698) 0 [Utility.Event] Shutdown complete



*** Recovery started at Tue Oct 22 23:14:01 2024
     Current default directory: /usr/irissys/mgr
     Log file directory: /usr/irissys/mgr/
     WIJ file spec: /usr/irissys/mgr/IRIS.WIJ
Recovering local (/usr/irissys/mgr/IRIS.WIJ) image journal file...
Starting WIJ recovery for '/usr/irissys/mgr/IRIS.WIJ'.
  0 blocks pending in this WIJ.
Exiting with status 3 (Success)
10/22/24-23:14:01:844 (432) 0 [Utility.Event] Executing /usr/irissys/bin/iris version
10/22/24-23:14:01:844 (432) 0 [Utility.Event] Executing /usr/irissys/bin/iris qlist
10/22/24-23:14:01:849 (432) 0 [Utility.Event] Moving data directory of instance IRIS to /volumes/prod-1/
10/22/24-23:14:01:849 (432) 0 [Utility.Event] ISC_DATA_DIRECTORY=/volumes/prod-1/
10/22/24-23:14:01:852 (432) 0 [Utility.Event] Creating directory /volumes/prod-1/
10/22/24-23:14:01:856 (432) 0 [Utility.Event] Executing chown irisowner:irisowner /volumes/prod-1/
10/22/24-23:14:01:870 (432) 0 [Utility.Event] Creating directory /volumes/prod-1/mgr/
10/22/24-23:14:01:875 (432) 0 [Utility.Event] Executing chown irisowner:irisowner /volumes/prod-1/mgr/
10/22/24-23:14:01:881 (432) 0 [Utility.Event] Executing cp -fp /usr/irissys/mgr/messages.log /volumes/prod-1/mgr/messages.log
10/22/24-23:14:01:894 (432) 0 [Utility.Event] Executing cp -fp /usr/irissys/mgr/.product /volumes/prod-1/mgr/.product
10/22/24-23:14:01:919 (432) 0 [Utility.Event] Executing cp -fp /usr/irissys/mgr/ilock /volumes/prod-1/mgr/ilock
10/22/24-23:14:01:925 (432) 0 [Utility.Event] Executing cp -fp /usr/irissys/mgr/iris.key /volumes/prod-1/mgr/iris.key
10/22/24-23:14:01:943 (432) 0 [Utility.Event] Executing cp -fp /usr/irissys/mgr/irisodbc.ini /volumes/prod-1/mgr/irisodbc.ini
10/22/24-23:14:01:949 (432) 0 [Utility.Event] Database ENSLIB is set to read only, not copied to /volumes/prod-1/
10/22/24-23:14:01:958 (432) 0 [Utility.Event] Creating directory /volumes/prod-1/mgr/IRISAPP_CODE/
10/22/24-23:14:01:963 (432) 0 [Utility.Event] Executing chown irisowner:irisowner /volumes/prod-1/mgr/IRISAPP_CODE/
10/22/24-23:14:01:968 (432) 0 [Utility.Event] Executing cp -fp /usr/irissys/mgr/IRISAPP_CODE/IRIS.DAT /volumes/prod-1/mgr/IRISAPP_CODE/IRIS.DAT
10/22/24-23:14:02:172 (432) 0 [Utility.Event] Creating directory /volumes/prod-1/mgr/IRISAPP_DATA/
10/22/24-23:14:02:176 (432) 0 [Utility.Event] Executing chown irisowner:irisowner /volumes/prod-1/mgr/IRISAPP_DATA/
10/22/24-23:14:02:181 (432) 0 [Utility.Event] Executing cp -fp /usr/irissys/mgr/IRISAPP_DATA/IRIS.DAT /volumes/prod-1/mgr/IRISAPP_DATA/IRIS.DAT
10/22/24-23:14:02:277 (432) 0 [Utility.Event] Creating directory /volumes/prod-1/mgr/IRISAPP_DATA/irisapp_dataenstemp/
10/22/24-23:14:02:280 (432) 0 [Utility.Event] Executing chown irisowner:irisowner /volumes/prod-1/mgr/IRISAPP_DATA/irisapp_dataenstemp/
10/22/24-23:14:02:282 (432) 0 [Utility.Event] Executing cp -fp /usr/irissys/mgr/IRISAPP_DATA/irisapp_dataenstemp/IRIS.DAT /volumes/prod-1/mgr/IRISAPP_DATA/irisapp_dataenstemp/IRIS.DAT
10/22/24-23:14:02:298 (432) 0 [Utility.Event] Creating directory /volumes/prod-1/mgr/IRISAPP_DATA/irisapp_datasecondary/
10/22/24-23:14:02:302 (432) 0 [Utility.Event] Executing chown irisowner:irisowner /volumes/prod-1/mgr/IRISAPP_DATA/irisapp_datasecondary/
10/22/24-23:14:02:306 (432) 0 [Utility.Event] Executing cp -fp /usr/irissys/mgr/IRISAPP_DATA/irisapp_datasecondary/IRIS.DAT /volumes/prod-1/mgr/IRISAPP_DATA/irisapp_datasecondary/IRIS.DAT
10/22/24-23:14:02:334 (432) 0 [Utility.Event] Creating directory /volumes/prod-1/mgr/irisaudit/
10/22/24-23:14:02:336 (432) 0 [Utility.Event] Executing chown irisowner:irisowner /volumes/prod-1/mgr/irisaudit/
10/22/24-23:14:02:338 (432) 0 [Utility.Event] Executing cp -fp /usr/irissys/mgr/irisaudit/IRIS.DAT /volumes/prod-1/mgr/irisaudit/IRIS.DAT
10/22/24-23:14:02:419 (432) 0 [Utility.Event] Database IRISLIB is set to read only, not copied to /volumes/prod-1/
10/22/24-23:14:02:421 (432) 0 [Utility.Event] Creating directory /volumes/prod-1/mgr/irislocaldata/
10/22/24-23:14:02:424 (432) 0 [Utility.Event] Executing chown irisowner:irisowner /volumes/prod-1/mgr/irislocaldata/
10/22/24-23:14:02:426 (432) 0 [Utility.Event] Executing cp -fp /usr/irissys/mgr/irislocaldata/IRIS.DAT /volumes/prod-1/mgr/irislocaldata/IRIS.DAT
10/22/24-23:14:02:649 (432) 0 [Utility.Event] Creating directory /volumes/prod-1/mgr/
10/22/24-23:14:02:650 (432) 0 [Utility.Event] Executing chown irisowner:irisowner /volumes/prod-1/mgr/
10/22/24-23:14:02:652 (432) 0 [Utility.Event] Executing cp -fp /usr/irissys/mgr/IRIS.DAT /volumes/prod-1/mgr/IRIS.DAT
10/22/24-23:14:03:338 (432) 0 [Utility.Event] Creating directory /volumes/prod-1/mgr/iristemp/
10/22/24-23:14:03:343 (432) 0 [Utility.Event] Executing chown irisowner:irisowner /volumes/prod-1/mgr/iristemp/
10/22/24-23:14:03:348 (432) 0 [Utility.Event] Executing cp -fp /usr/irissys/mgr/iristemp/IRIS.DAT /volumes/prod-1/mgr/iristemp/IRIS.DAT
10/22/24-23:14:03:451 (432) 0 [Utility.Event] Creating directory /volumes/prod-1/mgr/user/
10/22/24-23:14:03:453 (432) 0 [Utility.Event] Executing chown irisowner:irisowner /volumes/prod-1/mgr/user/
10/22/24-23:14:03:454 (432) 0 [Utility.Event] Executing cp -fp /usr/irissys/mgr/user/IRIS.DAT /volumes/prod-1/mgr/user/IRIS.DAT
10/22/24-23:14:03:554 (432) 0 [Utility.Event] Creating directory /volumes/prod-1/mgr/journal/
10/22/24-23:14:03:557 (432) 0 [Utility.Event] Executing chown irisowner:irisowner /volumes/prod-1/mgr/journal/
10/22/24-23:14:03:559 (432) 0 [Utility.Event] Executing cp -fp /usr/irissys/iris.cpf /volumes/prod-1/iris.cpf
10/22/24-23:14:03:564 (432) 0 [Utility.Event] Creating directory /volumes/prod-1/csp/
10/22/24-23:14:03:566 (432) 0 [Utility.Event] Executing chown irisowner:irisowner /volumes/prod-1/csp/
10/22/24-23:14:03:569 (432) 0 [Utility.Event] Creating directory /volumes/prod-1/dev/
10/22/24-23:14:03:571 (432) 0 [Utility.Event] Executing chown irisowner:irisowner /volumes/prod-1/dev/
10/22/24-23:14:03:575 (432) 0 [Utility.Event] Creating directory /volumes/prod-1/dev/python/
10/22/24-23:14:03:577 (432) 0 [Utility.Event] Executing chown irisowner:irisowner /volumes/prod-1/dev/python/
10/22/24-23:14:03:579 (432) 0 [Utility.Event] Creating directory /volumes/prod-1/dev/python/virtual/
10/22/24-23:14:03:582 (432) 0 [Utility.Event] Executing chown irisowner:irisowner /volumes/prod-1/dev/python/virtual/
10/22/24-23:14:03:585 (432) 0 [Utility.Event] Creating directory /volumes/prod-1/csp/temp/
10/22/24-23:14:03:588 (432) 0 [Utility.Event] Executing chown irisowner:irisowner /volumes/prod-1/csp/temp/
10/22/24-23:14:03:591 (432) 0 [Utility.Event] Creating directory /volumes/prod-1/csp/broker/
10/22/24-23:14:03:593 (432) 0 [Utility.Event] Executing chown irisowner:irisowner /volumes/prod-1/csp/broker/
10/22/24-23:14:03:597 (432) 0 [Utility.Event] Creating directory /volumes/prod-1/csp/user/
10/22/24-23:14:03:598 (432) 0 [Utility.Event] Executing chown irisowner:irisowner /volumes/prod-1/csp/user/
10/22/24-23:14:03:601 (432) 0 [Utility.Event] Creating directory /volumes/prod-1/csp/bin/
10/22/24-23:14:03:605 (432) 0 [Utility.Event] Executing chown irisowner:irisowner /volumes/prod-1/csp/bin/
10/22/24-23:14:03:884 (432) 0 [Utility.Event] Creating directory /volumes/prod-1/csp/broker/covers/
10/22/24-23:14:03:887 (432) 0 [Utility.Event] Executing chown irisowner:irisowner /volumes/prod-1/csp/broker/covers/
10/22/24-23:14:04:046 (432) 0 [Utility.Event] Creating directory /volumes/prod-1/csp/broker/deepsee/
10/22/24-23:14:04:048 (432) 0 [Utility.Event] Executing chown irisowner:irisowner /volumes/prod-1/csp/broker/deepsee/
10/22/24-23:14:04:827 (432) 0 [Utility.Event] Creating directory /volumes/prod-1/dist/
10/22/24-23:14:04:829 (432) 0 [Utility.Event] Executing chown irisowner:irisowner /volumes/prod-1/dist/
10/22/24-23:14:04:833 (432) 0 [Utility.Event] Creating directory /volumes/prod-1/dist/install/
10/22/24-23:14:04:835 (432) 0 [Utility.Event] Executing chown irisowner:irisowner /volumes/prod-1/dist/install/
10/22/24-23:14:04:840 (432) 0 [Utility.Event] Creating directory /volumes/prod-1/dist/install/misc/
10/22/24-23:14:04:843 (432) 0 [Utility.Event] Executing chown irisowner:irisowner /volumes/prod-1/dist/install/misc/
10/22/24-23:14:04:846 (432) 0 [Utility.Event] Executing cp -fp /usr/irissys/dist/install/misc/buildver /volumes/prod-1/dist/install/misc/buildver
10/22/24-23:14:04:850 (432) 0 [Utility.Event] File copy complete
10/22/24-23:14:04:852 (432) 0 [Utility.Event] Updating configuration files
10/22/24-23:14:05:158 (432) 0 [Utility.Event] Executing /usr/irissys/bin/iris update IRIS datadir=/volumes/prod-1/
10/22/24-23:14:05:173 (432) 0 [Utility.Event] Executing cp -fp /usr/irissys/bin/irismgr /usr/irissys/bin/irisinstall
10/22/24-23:14:05:174 (432) 0 [Utility.Event] Executing cp -fp /usr/irissys/bin/irisuxsusr /usr/irissys/bin/irisuxsinst
10/22/24-23:14:05:176 (432) 0 [Utility.Event] Executing /usr/irissys/bin/irisinstall -s/volumes/prod-1/mgr/ -cc -g20 -W1 -B -C/volumes/prod-1/iris.cpf*INSTALL
10/22/24-23:14:05:658 (1165) 0 [Generic.Event] Allocated 1464MB shared memory
10/22/24-23:14:05:659 (1165) 0 [Generic.Event] 32MB global buffers, 80MB routine buffers, 1024MB journal buffers, 7MB buffer descriptors, 300MB heap, 5MB ECP, 15MB miscellaneous
10/22/24-23:14:05:661 (1165) 0 [SIMD] SIMD optimization level: DEFAULT
10/22/24-23:14:05:677 (1165) 0 [WriteDaemon.UsingWIJFile] Using WIJ file: /volumes/prod-1/mgr/IRIS.WIJ
10/22/24-23:14:05:678 (1165) 0 [Generic.Event] No journaling info from prior system
10/22/24-23:14:05:680 (1165) 0 [WriteDaemon.CreatingNewWIJ] Creating a new WIJ file
10/22/24-23:14:05:917 (1165) 0 [WriteDaemon.CreatedNewWIJ] New WIJ file created
10/22/24-23:14:05:924 (1165) 0 [Generic.Event] 
Startup of InterSystems IRIS [IRIS for UNIX (Ubuntu Server LTS for ARM64 Containers) 2024.2 (Build 247U) Tue Jul 16 2024 09:31:25 EDT]
	in /usr/irissys/bin/
	with mgr: /volumes/prod-1/mgr
	with wij: /volumes/prod-1/mgr/IRIS.WIJ
	from: /volumes/prod-1/mgr/
  OS=[Linux], version=[#1 SMP Wed Oct  2 16:38:00 UTC 2024], release=[6.10.4-linuxkit], machine=[aarch64]
  nodename=[prod-1].
  numasyncwijbuf: 2, wdwrite_asyncio_max: 64, wijdirectio: on, synctype: 3
  System Initialized.
10/22/24-23:14:05:962 (1198) 0 [WriteDaemon.Started] Write daemon started.
10/22/24-23:14:05:966 (432) 0 [Utility.Event] Executing /usr/irissys/bin/irisuxsinst -s/volumes/prod-1/mgr/ -B -V
10/22/24-23:14:05:980 (1209) 0 [Database.MountedRW] Mounted database /volumes/prod-1/mgr/ (SFN 0) read-write.
10/22/24-23:14:06:018 (1209) 0 [Database.MountedRO] Mounted database /usr/irissys/mgr/irislib/ (SFN 1) read-only. Database label is marked read-only. 
10/22/24-23:14:06:509 (432) 0 [Utility.Event] Executing rm -f /volumes/prod-1/mgr/install.in
10/22/24-23:14:06:512 (432) 0 [Utility.Event] Executing /usr/irissys/bin/irisuxsinst -s/volumes/prod-1/mgr/ -B -V INT^SHUTDOWN
10/22/24-23:14:06:522 (1211) 0 [Utility.Event] User 'irisowner' shutting down InterSystems IRIS
10/22/24-23:14:06:534 (1211) 0 [Database.MountedRW] Mounted database /volumes/prod-1/mgr/irislocaldata/ (SFN 2) read-write.
10/22/24-23:14:06:539 (1211) 0 [Utility.Event] Notifying Clients
10/22/24-23:14:06:541 (1211) 0 [Utility.Event] No user shutdown routines to execute
10/22/24-23:14:06:543 (1211) 0 [Utility.Event] Stopping User Jobs
10/22/24-23:14:06:546 (1211) 0 [Utility.Event] Stopping Network Servers
10/22/24-23:14:06:548 (1211) 0 [Utility.Event] Withdrawing from License Domain
10/22/24-23:14:06:549 (1211) 0 [Utility.Event] LMF Info:  Sending shutdown message to local license server 127.0.0.1,4002
10/22/24-23:14:06:550 (1211) 0 [Utility.Event] Stopping Client Networking
10/22/24-23:14:06:552 (1211) 0 [Utility.Event] Updating Journal File
10/22/24-23:14:06:553 (1211) 0 [Utility.Event] Journal restore not required at next startup
10/22/24-23:14:06:554 (1211) 0 [Utility.Event] Transaction rollback not required at next startup
10/22/24-23:14:06:660 (1211) 0 [Utility.Event] Removing database locks
10/22/24-23:14:06:664 (1211) 0 [Utility.Event] Waiting for database updates to complete
10/22/24-23:14:06:665 (1211) 0 [Utility.Event] Database updates complete
10/22/24-23:14:06:665 (1211) 0 [Utility.Event] Stopping System Jobs
10/22/24-23:14:06:771 (1208) 0 [Generic.Event] EXPDMN exited due to system shutdown
10/22/24-23:14:06:771 (1200) 0 [Generic.Event] JRNDMN exited due to system shutdown
10/22/24-23:14:06:773 (1205) 0 [Generic.Event] AUXWD #6 exited due to system shutdown
10/22/24-23:14:06:771 (1199) 0 [Generic.Event] GARCOL exited due to system shutdown
10/22/24-23:14:06:772 (1202) 0 [Generic.Event] AUXWD #1 exited due to system shutdown
10/22/24-23:14:06:772 (1204) 0 [Generic.Event] AUXWD #4 exited due to system shutdown
10/22/24-23:14:06:772 (1201) 0 [Generic.Event] AUXWD #2 exited due to system shutdown
10/22/24-23:14:06:772 (1203) 0 [Generic.Event] AUXWD #3 exited due to system shutdown
10/22/24-23:14:06:772 (1207) 0 [Generic.Event] AUXWD #5 exited due to system shutdown
10/22/24-23:14:06:773 (1206) 0 [Generic.Event] AUXWD #7 exited due to system shutdown
10/22/24-23:14:06:774 (1198) 0 [Generic.Event] No blocks pending in WIJ file
10/22/24-23:14:06:777 (1198) 0 [Generic.Event] WRTDMN exited due to system shutdown
10/22/24-23:14:06:785 (1165) 0 [Generic.Event] CONTROL exited due to system shutdown
10/22/24-23:14:06:807 (1211) 0 [Utility.Event] Shutdown complete
10/22/24-23:14:06:850 (432) 0 [Utility.Event] Executing rm -f /usr/irissys/bin/irisinstall
10/22/24-23:14:06:851 (432) 0 [Utility.Event] Executing rm -f /usr/irissys/bin/irisuxsint
10/22/24-23:14:06:853 (432) 0 [Utility.Event] Executing rm -f /volumes/prod-1/CloneIncomplete
10/22/24-23:14:06:855 (432) 0 [Utility.Event] Instance IRIS data directory moved to /volumes/prod-1/
10/22/24-23:14:06:856 (432) 0 [Utility.Event] Executing find /usr/irissys/ -type d -exec chmod ugo-w {} +
10/22/24-23:14:06:877 (432) 0 [Utility.Event] Executing chmod ugo-w /usr/irissys/



*** Recovery started at Tue Oct 22 23:14:06 2024
     Current default directory: /volumes/prod-1/mgr
     Log file directory: /volumes/prod-1/mgr/
     WIJ file spec: /volumes/prod-1/mgr/IRIS.WIJ
Recovering local (/volumes/prod-1/mgr/IRIS.WIJ) image journal file...
Starting WIJ recovery for '/volumes/prod-1/mgr/IRIS.WIJ'.
  0 blocks pending in this WIJ.
Exiting with status 3 (Success)
10/22/24-23:14:07:349 (1621) 0 [Generic.Event] Allocated 10930MB shared memory
10/22/24-23:14:07:350 (1621) 0 [Generic.Event] 8192MB global buffers, 819MB routine buffers, 1024MB journal buffers, 574MB buffer descriptors, 300MB heap, 5MB ECP, 15MB miscellaneous
10/22/24-23:14:07:351 (1621) 0 [SIMD] SIMD optimization level: DEFAULT
10/22/24-23:14:07:526 (1621) 0 [WriteDaemon.UsingWIJFile] Using WIJ file: /volumes/prod-1/mgr/IRIS.WIJ
10/22/24-23:14:07:527 (1621) 0 [Generic.Event] No journaling info from prior system
10/22/24-23:14:07:531 (1621) 0 [WriteDaemon.CreatingNewWIJ] Creating a new WIJ file
10/22/24-23:14:08:073 (1621) 0 [WriteDaemon.CreatedNewWIJ] New WIJ file created
10/22/24-23:14:08:079 (1621) 0 [Generic.Event] 
Startup of InterSystems IRIS [IRIS for UNIX (Ubuntu Server LTS for ARM64 Containers) 2024.2 (Build 247U) Tue Jul 16 2024 09:31:25 EDT]
	in /usr/irissys/bin/
	with mgr: /volumes/prod-1/mgr
	with wij: /volumes/prod-1/mgr/IRIS.WIJ
	from: /volumes/prod-1/mgr/
  OS=[Linux], version=[#1 SMP Wed Oct  2 16:38:00 UTC 2024], release=[6.10.4-linuxkit], machine=[aarch64]
  nodename=[prod-1].
  numasyncwijbuf: 2, wdwrite_asyncio_max: 64, wijdirectio: on, synctype: 3
  System Initialized.
10/22/24-23:14:08:097 (1662) 0 [WriteDaemon.Started] Write daemon started.
10/22/24-23:14:08:102 (1673) 0 [Database.MountedRW] Mounted database /volumes/prod-1/mgr/ (SFN 0) read-write.
10/22/24-23:14:08:111 (1673) 0 [Utility.Event] Instance 'IRIS' starting on node prod-1 by user 'irisowner' on 10/22/2024 21:14:08.111 UTC
10/22/24-23:14:08:112 (1673) 0 [Utility.Event] Using parameters from file '/volumes/prod-1/iris.cpf'
10/22/24-23:14:08:114 (1673) 0 [Utility.Event] Loading DLLs
10/22/24-23:14:08:114 (1621) 1 [Generic.Event] Cannot lock /usr/irissys/mgr/irislib/ err(13): will try accessing readonly
10/22/24-23:14:08:115 (1673) 0 [Database.MountedRO] Mounted database /usr/irissys/mgr/irislib/ (SFN 1) read-only. File or filesystem allows read-only access. 
10/22/24-23:14:08:116 (1673) 0 [Utility.Event] Switching to temporary %SYS Namespace
10/22/24-23:14:08:170 (1673) 0 [Utility.Event] Activated database encryption key 83BA2D5B-90BA-11EF-A610-02420A0A0A02
10/22/24-23:14:08:171 (1673) 0 [Utility.Event] Activated journal encryption
10/22/24-23:14:08:174 (1673) 0 [Utility.Event] Loading Locale enuw (English, United States, Unicode) from objects
10/22/24-23:14:08:199 (1673) 0 [Database.MountedRW] Mounted database /volumes/prod-1/mgr/irislocaldata/ (SFN 2) read-write.
10/22/24-23:14:08:201 (1673) 0 [Utility.Event] Using OpenSSL 3.0.13 30 Jan 2024
10/22/24-23:14:08:204 (1673) 0 [Utility.Event] Encrypting /volumes/prod-1/mgr/iristemp/ with key 83BA2D5B-90BA-11EF-A610-02420A0A0A02
10/22/24-23:14:08:221 (1673) 0 [Database.MountedRW] Mounted database /volumes/prod-1/mgr/iristemp/ (SFN 3) read-write.
10/22/24-23:14:08:224 (1673) 0 [Utility.Event] /volumes/prod-1/mgr/iristemp/ initialized as IRISTEMP
10/22/24-23:14:09:291 (1673) 0 [Generic.Event] Dismounted database /volumes/prod-1/mgr/irislocaldata/ (SFN 2)
10/22/24-23:14:09:298 (1673) 1 [Utility.Event] Reinitializing IRISLOCALDATA database in /volumes/prod-1/mgr/irislocaldata/
10/22/24-23:14:09:329 (1673) 0 [Database.MountedRW] Mounted database /volumes/prod-1/mgr/irislocaldata/ (SFN 2) read-write.
10/22/24-23:14:09:350 (1673) 0 [Utility.Event] Switching to default %SYS Namespace
10/22/24-23:14:09:352 (1673) 0 [Utility.Event] Added ethernet device tunl0,gre0,gretap0,erspan0,ip_vti0,ip6_vti0,sit0,ip6tnl0,ip6gre0 to default list
10/22/24-23:14:09:468 (1674) 0 [Utility.Event] Log Monitor Started
10/22/24-23:14:09:575 (1673) 2 [Utility.Event] System appears to have failed over from node buildkitsandbox
10/22/24-23:14:09:583 (1675) 0 [Utility.Event] Clean Daemon Started
10/22/24-23:14:09:584 (1673) 1 [Utility.Event] Configuration file /volumes/prod-1/iris.cpf is not the same as when last shut down
10/22/24-23:14:10:364 (1673) 0 [Utility.Event] Updating configuration information from /volumes/prod-1/iris.cpf
10/22/24-23:14:10:389 (1673) 0 [Utility.Event] No archives configured
10/22/24-23:14:10:392 (1673) 0 [Utility.Event] Performing Journal Recovery
10/22/24-23:14:10:394 (1673) 0 [Utility.Event] Graceful system shutdown, journal restore not required
10/22/24-23:14:10:394 (1673) 0 [Utility.Event] Graceful system shutdown, transaction rollback not required
10/22/24-23:14:10:404 (1673) 0 [Utility.Event] START: /volumes/prod-1/mgr/journal/20241022.002
10/22/24-23:14:10:405 (1673) 1 [Generic.Event] Warning: Alternate and primary journal directories are the same
10/22/24-23:14:10:414 (1673) 0 [Generic.Event] INTERSYSTEMS IRIS JOURNALING SYSTEM MESSAGE
Journaling started to: /volumes/prod-1/mgr/journal/20241022.002
10/22/24-23:14:10:415 (1673) 0 [Utility.Event] Journaling to /volumes/prod-1/mgr/journal/20241022.002 started.
10/22/24-23:14:10:417 (1673) 0 [Utility.Event] Processing WorkQueues section
10/22/24-23:14:10:423 (1673) 0 [Utility.Event] Processing Startup section
10/22/24-23:14:10:434 (1676) 0 [Utility.Event] Purging old application errors
10/22/24-23:14:10:443 (1673) 0 [Utility.Event] Created temp directory /volumes/prod-1/mgr/Temp
10/22/24-23:14:10:443 (1673) 0 [Utility.Event] Processing config section
10/22/24-23:14:10:451 (1677) 0 [Utility.Event] LMF Info:  Licensed for 64 users.
10/22/24-23:14:10:569 (1673) 0 [Utility.Event] Initializing Security system
10/22/24-23:14:10:722 (1673) 0 [Utility.Event] Processing Network section
10/22/24-23:14:10:724 (1673) 0 [Utility.Event] Activating Network
10/22/24-23:14:10:730 (1673) 0 [Utility.Event] Processing Databases section
10/22/24-23:14:10:747 (1673) 0 [Database.MountedRW] Mounted database /volumes/prod-1/mgr/irisaudit/ (SFN 4) read-write.
10/22/24-23:14:10:748 (1673) 0 [Utility.Event] Processing Namespaces section
10/22/24-23:14:10:749 (1673) 0 [Utility.Event] Loading all namespaces
10/22/24-23:14:10:758 (1673) 0 [Database.MountedRW] Mounted database /volumes/prod-1/mgr/user/ (SFN 5) read-write.
10/22/24-23:14:10:768 (1621) 1 [Generic.Event] Cannot lock /usr/irissys/mgr/enslib/ err(13): will try accessing readonly
10/22/24-23:14:10:770 (1673) 0 [Database.MountedRO] Mounted database /usr/irissys/mgr/enslib/ (SFN 6) read-only. File or filesystem allows read-only access. 
10/22/24-23:14:10:797 (1673) 0 [Utility.Event] Activating namespaces
10/22/24-23:14:10:799 (1673) 0 [Utility.Event] Activating new namespace map
10/22/24-23:14:10:819 (1673) 0 [Utility.Event] Namespace changes have been activated
10/22/24-23:14:10:820 (1673) 0 [Utility.Event] Rebuilding Extent index for all namespaces
10/22/24-23:14:10:823 (1673) 0 [Utility.Event] Rebuilding Extent index for namespace %SYS
10/22/24-23:14:11:918 (1673) 0 [Utility.Event] Rebuilding Extent index for namespace IRISAPP
10/22/24-23:14:11:923 (1673) 0 [Database.MountedRW] Mounted database /volumes/prod-1/mgr/IRISAPP_DATA/ (SFN 7) read-write.
10/22/24-23:14:11:934 (1673) 0 [Database.MountedRW] Mounted database /volumes/prod-1/mgr/IRISAPP_CODE/ (SFN 8) read-write.
10/22/24-23:14:12:272 (1673) 0 [Utility.Event] Rebuilding Extent index for namespace USER
10/22/24-23:14:12:339 (1673) 0 [Utility.Event] Rebuild of Extent index completed
10/22/24-23:14:12:401 (1682) 0 [Utility.Event] Starting superserver on port 1972
10/22/24-23:14:12:401 (1673) 0 [Utility.Event] Network Lock Upload Phase Starting
10/22/24-23:14:12:402 (1673) 0 [Utility.Event] Lock Upload Phase Complete
10/22/24-23:14:12:404 (1673) 0 [Utility.Event] Processing Miscellaneous section
10/22/24-23:14:12:424 (1673) 0 [Utility.Event] Processing Devices section
10/22/24-23:14:12:424 (1685) 0 [Utility.Event] Starting Servers
10/22/24-23:14:12:426 (1685) 0 [Utility.Event] Processing Shadows section (this system as shadow)
10/22/24-23:14:12:428 (1673) 0 [Utility.Event] Processing DeviceSubTypes section
10/22/24-23:14:12:429 (1673) 0 [Utility.Event] Processing MagTape section
10/22/24-23:14:12:430 (1685) 0 [Utility.Event] Processing Monitor section
10/22/24-23:14:12:432 (1673) 0 [Utility.Event] Processing IO section
10/22/24-23:14:12:433 (1673) 0 [Utility.Event] Processing SQL section
10/22/24-23:14:12:434 (1673) 0 [Utility.Event] Processing Macro Pre-Processor (MPP) section
10/22/24-23:14:12:435 (1673) 0 [Utility.Event] Processing OS Package Requirements section
10/22/24-23:14:12:454 (1677) 0 [Utility.Event] LMF Info:  Connected to license server 127.0.0.1,4002
10/22/24-23:14:12:471 (1688) 0 [Utility.Event] Starting TASKMGR
10/22/24-23:14:12:480 (1689) 0 [Utility.Event] [SYSTEM MONITOR] System Monitor started in %SYS
10/22/24-23:14:12:490 (1685) 0 [Utility.Event] Shard license: 1
10/22/24-23:14:12:490 (1691) 0 [Utility.Event] WorkQueue: Starting work queue daemon parent=1685
10/22/24-23:14:12:496 (1672) 0 [Database.StartExpansion] Starting Expansion for database /volumes/prod-1/mgr/irislocaldata/. 10 MB requested.
10/22/24-23:14:12:533 (1672) 0 [Database.FullExpansion] Expansion completed for database /volumes/prod-1/mgr/irislocaldata/. Expanded by 10 MB.
10/22/24-23:14:13:001 (1673) 0 [Generic.Event] Auditing to /volumes/prod-1/mgr/irisaudit/
10/22/24-23:14:13:058 (1673) 0 [Utility.Event] Enabling logons
10/22/24-23:14:13:066 (1673) 0 [Database.MountedRW] Mounted database /volumes/prod-1/mgr/IRISAPP_DATA/irisapp_dataenstemp/ (SFN 9) read-write.
10/22/24-23:14:13:144 (1673) 0 [Utility.Event] Initializing Interoperability during system startup
10/22/24-23:14:13:145 (1673) 1 [Utility.Event] Production AutoStart: ERROR in namespace 'IRISAPP': 'ERROR <Ens>ErrException: <CLASS DOES NOT EXIST>getProductionItems+55^Ens.Director.1 *FHIR.process.HL7v2toSDA -- logged as '-' number - @''' $ZU(56,2)='$Id: //iris/2024.2.0/kernel/common/src/acmd.c#1 $ 4564 0'
10/22/24-23:15:41:612 (1707) 0 [Utility.Event] %SYS.Task.FeatureTracker transferred data to ats.intersystems.com
10/22/24-23:25:18:116 (1738) 0 [Database.MountedRW] Mounted database /volumes/prod-1/mgr/IRISAPP_DATA/irisapp_datasecondary/ (SFN 10) read-write.
10/22/24-23:33:05:823 (1751) 0 [Utility.Event] User 'irisowner' shutting down InterSystems IRIS
10/22/24-23:33:06:695 (1689) 0 [Utility.Event] [SYSTEM MONITOR] System Monitor stopped in %SYS
10/22/24-23:33:06:695 (1751) 0 [Utility.Event] Notifying Clients
10/22/24-23:33:06:696 (1751) 0 [Utility.Event] No user shutdown routines to execute
10/22/24-23:33:06:699 (1751) 0 [Utility.Event] Stopping User Jobs
10/22/24-23:33:10:748 (1751) 0 [Utility.Event] Stopping Network Servers
10/22/24-23:33:10:752 (1751) 0 [Utility.Event] Withdrawing from License Domain
10/22/24-23:33:10:763 (1751) 0 [Generic.Event] Auditing stopped
10/22/24-23:33:10:765 (1751) 0 [Utility.Event] Stopping Client Networking
10/22/24-23:33:10:767 (1751) 0 [Utility.Event] Updating Journal File
10/22/24-23:33:10:804 (1751) 0 [Utility.Event] Journal restore not required at next startup
10/22/24-23:33:10:805 (1751) 0 [Utility.Event] Transaction rollback not required at next startup
10/22/24-23:33:10:879 (1751) 0 [Utility.Event] Removing database locks
10/22/24-23:33:10:903 (1751) 0 [Utility.Event] Waiting for database updates to complete
10/22/24-23:33:10:904 (1751) 0 [Utility.Event] Database updates complete
10/22/24-23:33:10:904 (1751) 0 [Utility.Event] Stopping System Jobs
10/22/24-23:33:11:012 (1664) 0 [Generic.Event] JRNDMN exited due to system shutdown
10/22/24-23:33:11:012 (1672) 0 [Generic.Event] EXPDMN exited due to system shutdown
10/22/24-23:33:11:013 (1669) 0 [Generic.Event] AUXWD #4 exited due to system shutdown
10/22/24-23:33:11:012 (1663) 0 [Generic.Event] GARCOL exited due to system shutdown
10/22/24-23:33:11:012 (1665) 0 [Generic.Event] AUXWD #1 exited due to system shutdown
10/22/24-23:33:11:013 (1666) 0 [Generic.Event] AUXWD #2 exited due to system shutdown
10/22/24-23:33:11:013 (1667) 0 [Generic.Event] AUXWD #3 exited due to system shutdown
10/22/24-23:33:11:014 (1668) 0 [Generic.Event] AUXWD #5 exited due to system shutdown
10/22/24-23:33:11:014 (1671) 0 [Generic.Event] AUXWD #6 exited due to system shutdown
10/22/24-23:33:11:015 (1670) 0 [Generic.Event] AUXWD #7 exited due to system shutdown
10/22/24-23:33:11:016 (1662) 0 [Generic.Event] No blocks pending in WIJ file
10/22/24-23:33:11:021 (1662) 0 [Generic.Event] WRTDMN exited due to system shutdown
10/22/24-23:33:11:027 (1621) 0 [Generic.Event] CONTROL exited due to system shutdown
10/22/24-23:33:11:061 (1751) 0 [Utility.Event] Shutdown complete
